<?xml version="1.0" encoding="UTF-8"?>
<testsuite xmlns:xsi="http://www.w3.org/2001/XMLSchema-instance" xsi:noNamespaceSchemaLocation="https://maven.apache.org/surefire/maven-surefire-plugin/xsd/surefire-test-report-3.0.xsd" version="3.0" name="com.cbfacademy.StringExercisesTest" time="0.173" tests="21" errors="0" skipped="0" failures="0">
  <properties>
    <property name="java.specification.version" value="20"/>
    <property name="sun.cpu.isalist" value="amd64"/>
    <property name="sun.jnu.encoding" value="Cp1252"/>
    <property name="java.class.path" value="C:\Users\Paul\CBFAcademy\java-exercises-NonyeP\exercises\java-primitives\target\test-classes;C:\Users\Paul\CBFAcademy\java-exercises-NonyeP\exercises\java-primitives\target\classes;C:\Users\Paul\.m2\repository\org\junit\jupiter\junit-jupiter-api\5.9.0\junit-jupiter-api-5.9.0.jar;C:\Users\Paul\.m2\repository\org\opentest4j\opentest4j\1.2.0\opentest4j-1.2.0.jar;C:\Users\Paul\.m2\repository\org\junit\platform\junit-platform-commons\1.9.0\junit-platform-commons-1.9.0.jar;C:\Users\Paul\.m2\repository\org\apiguardian\apiguardian-api\1.1.2\apiguardian-api-1.1.2.jar;C:\Users\Paul\.m2\repository\org\junit\jupiter\junit-jupiter-engine\5.9.0\junit-jupiter-engine-5.9.0.jar;C:\Users\Paul\.m2\repository\org\junit\platform\junit-platform-engine\1.9.0\junit-platform-engine-1.9.0.jar;C:\Users\Paul\.m2\repository\org\junit\jupiter\junit-jupiter-params\5.9.0\junit-jupiter-params-5.9.0.jar;C:\Users\Paul\.m2\repository\org\hamcrest\hamcrest-all\1.3\hamcrest-all-1.3.jar;"/>
    <property name="java.vm.vendor" value="Oracle Corporation"/>
    <property name="sun.arch.data.model" value="64"/>
    <property name="user.variant" value=""/>
    <property name="java.vendor.url" value="https://java.oracle.com/"/>
    <property name="user.timezone" value="Europe/London"/>
    <property name="os.name" value="Windows 11"/>
    <property name="java.vm.specification.version" value="20"/>
    <property name="sun.java.launcher" value="SUN_STANDARD"/>
    <property name="user.country" value="GB"/>
    <property name="sun.boot.library.path" value="C:\Program Files\Java\jdk-20\bin"/>
    <property name="sun.java.command" value="C:\Users\Paul\AppData\Local\Temp\surefire150868549516769249\surefirebooter-20230726171842571_3.jar C:\Users\Paul\AppData\Local\Temp\surefire150868549516769249 2023-07-26T17-18-42_363-jvmRun1 surefire-20230726171842571_1tmp surefire_0-20230726171842571_2tmp"/>
    <property name="jdk.debug" value="release"/>
    <property name="surefire.test.class.path" value="C:\Users\Paul\CBFAcademy\java-exercises-NonyeP\exercises\java-primitives\target\test-classes;C:\Users\Paul\CBFAcademy\java-exercises-NonyeP\exercises\java-primitives\target\classes;C:\Users\Paul\.m2\repository\org\junit\jupiter\junit-jupiter-api\5.9.0\junit-jupiter-api-5.9.0.jar;C:\Users\Paul\.m2\repository\org\opentest4j\opentest4j\1.2.0\opentest4j-1.2.0.jar;C:\Users\Paul\.m2\repository\org\junit\platform\junit-platform-commons\1.9.0\junit-platform-commons-1.9.0.jar;C:\Users\Paul\.m2\repository\org\apiguardian\apiguardian-api\1.1.2\apiguardian-api-1.1.2.jar;C:\Users\Paul\.m2\repository\org\junit\jupiter\junit-jupiter-engine\5.9.0\junit-jupiter-engine-5.9.0.jar;C:\Users\Paul\.m2\repository\org\junit\platform\junit-platform-engine\1.9.0\junit-platform-engine-1.9.0.jar;C:\Users\Paul\.m2\repository\org\junit\jupiter\junit-jupiter-params\5.9.0\junit-jupiter-params-5.9.0.jar;C:\Users\Paul\.m2\repository\org\hamcrest\hamcrest-all\1.3\hamcrest-all-1.3.jar;"/>
    <property name="sun.cpu.endian" value="little"/>
    <property name="user.home" value="C:\Users\Paul"/>
    <property name="user.language" value="en"/>
    <property name="java.specification.vendor" value="Oracle Corporation"/>
    <property name="java.version.date" value="2023-07-18"/>
    <property name="java.home" value="C:\Program Files\Java\jdk-20"/>
    <property name="file.separator" value="\"/>
    <property name="basedir" value="C:\Users\Paul\CBFAcademy\java-exercises-NonyeP\exercises\java-primitives"/>
    <property name="java.vm.compressedOopsMode" value="Zero based"/>
    <property name="line.separator" value="&#10;"/>
    <property name="java.vm.specification.vendor" value="Oracle Corporation"/>
    <property name="java.specification.name" value="Java Platform API Specification"/>
    <property name="surefire.real.class.path" value="C:\Users\Paul\AppData\Local\Temp\surefire150868549516769249\surefirebooter-20230726171842571_3.jar"/>
    <property name="user.script" value=""/>
    <property name="sun.management.compiler" value="HotSpot 64-Bit Tiered Compilers"/>
    <property name="java.runtime.version" value="20.0.2+9-78"/>
    <property name="user.name" value="Paul"/>
    <property name="stdout.encoding" value="Cp1252"/>
    <property name="path.separator" value=";"/>
    <property name="os.version" value="10.0"/>
    <property name="java.runtime.name" value="Java(TM) SE Runtime Environment"/>
    <property name="file.encoding" value="UTF-8"/>
    <property name="java.vm.name" value="Java HotSpot(TM) 64-Bit Server VM"/>
    <property name="localRepository" value="C:\Users\Paul\.m2\repository"/>
    <property name="java.vendor.url.bug" value="https://bugreport.java.com/bugreport/"/>
    <property name="java.io.tmpdir" value="C:\Users\Paul\AppData\Local\Temp\"/>
    <property name="java.version" value="20.0.2"/>
    <property name="user.dir" value="C:\Users\Paul\CBFAcademy\java-exercises-NonyeP\exercises\java-primitives"/>
    <property name="os.arch" value="amd64"/>
    <property name="java.vm.specification.name" value="Java Virtual Machine Specification"/>
    <property name="sun.os.patch.level" value=""/>
    <property name="native.encoding" value="Cp1252"/>
    <property name="java.library.path" value="C:\Program Files\Java\jdk-20\bin;C:\WINDOWS\Sun\Java\bin;C:\WINDOWS\system32;C:\WINDOWS;C:\Users\Paul\bin;C:\Program Files\Git\mingw64\bin;C:\Program Files\Git\usr\local\bin;C:\Program Files\Git\usr\bin;C:\Program Files\Git\usr\bin;C:\Program Files\Git\mingw64\bin;C:\Program Files\Git\usr\bin;C:\Users\Paul\bin;C:\Program Files\Common Files\Oracle\Java\javapath;C:\Python311\Scripts;C:\Python311;C:\Windows\system32;C:\Windows;C:\Windows\System32\Wbem;C:\Windows\System32\WindowsPowerShell\v1.0;C:\Windows\System32\OpenSSH;C:\Program Files (x86)\NVIDIA Corporation\PhysX\Common;C:\Program Files\NVIDIA Corporation\NVIDIA NGX;C:\Program Files\NVIDIA Corporation\NVIDIA NvDLISR;C:\WINDOWS\system32;C:\WINDOWS;C:\WINDOWS\System32\Wbem;C:\WINDOWS\System32\WindowsPowerShell\v1.0;C:\WINDOWS\System32\OpenSSH;C:\Program Files (x86)\Microsoft SQL Server\140\Tools\Binn;C:\Program Files\Microsoft SQL Server\140\Tools\Binn;C:\Program Files\Microsoft SQL Server\Client SDK\ODBC\130\Tools\Binn;C:\Program Files\Microsoft SQL Server\140\DTS\Binn;C:\Program Files (x86)\Microsoft SQL Server\Client SDK\ODBC\130\Tools\Binn;C:\Program Files (x86)\Microsoft SQL Server\140\DTS\Binn;C:\Program Files (x86)\Microsoft SQL Server\140\Tools\Binn\ManagementStudio;C:\Program Files\PuTTY;C:\Program Files\dotnet;C:\ProgramData\chocolatey\bin;C:\Program Files\nodejs;C:\Users\Paul\Downloads\jdk-11.0.19_windows-x64_bin.exe;C:\Program Files\Git\cmd;C:\Users\Paul\AppData\Local\Microsoft\WindowsApps;C:\Users\Paul\AppData\Roaming\npm;C:\Users\Paul\AppData\Local\Programs\Microsoft VS Code\bin;C:\Program Files\Git\usr\bin\vendor_perl;C:\Program Files\Git\usr\bin\core_perl;."/>
    <property name="java.vm.info" value="mixed mode, sharing"/>
    <property name="stderr.encoding" value="Cp1252"/>
    <property name="java.vendor" value="Oracle Corporation"/>
    <property name="java.vm.version" value="20.0.2+9-78"/>
    <property name="sun.io.unicode.encoding" value="UnicodeLittle"/>
    <property name="java.class.version" value="64.0"/>
  </properties>
  <testcase name="returnExerciseName" classname="com.cbfacademy.StringExercisesTest" time="0.032"/>
  <testcase name="isPalindrome(String, Boolean)[1]" classname="com.cbfacademy.StringExercisesTest" time="0.026">
    <system-out><![CDATA[anna and anna
The input word is a Palindrome
]]></system-out>
  </testcase>
  <testcase name="isPalindrome(String, Boolean)[2]" classname="com.cbfacademy.StringExercisesTest" time="0.001">
    <system-out><![CDATA[radar and radar
The input word is a Palindrome
]]></system-out>
  </testcase>
  <testcase name="isPalindrome(String, Boolean)[3]" classname="com.cbfacademy.StringExercisesTest" time="0.001">
    <system-out><![CDATA[refer and refer
The input word is a Palindrome
]]></system-out>
  </testcase>
  <testcase name="isPalindrome(String, Boolean)[4]" classname="com.cbfacademy.StringExercisesTest" time="0.002">
    <system-out><![CDATA[solos and solos
The input word is a Palindrome
]]></system-out>
  </testcase>
  <testcase name="isPalindrome(String, Boolean)[5]" classname="com.cbfacademy.StringExercisesTest" time="0.001">
    <system-out><![CDATA[noon and noon
The input word is a Palindrome
]]></system-out>
  </testcase>
  <testcase name="isPalindrome(String, Boolean)[6]" classname="com.cbfacademy.StringExercisesTest" time="0.001">
    <system-out><![CDATA[madam and madam
The input word is a Palindrome
]]></system-out>
  </testcase>
  <testcase name="isPalindrome(String, Boolean)[7]" classname="com.cbfacademy.StringExercisesTest" time="0.001">
    <system-out><![CDATA[typescript and tpircsepyt
The input word is not a Palindrome
]]></system-out>
  </testcase>
  <testcase name="isPalindrome(String, Boolean)[8]" classname="com.cbfacademy.StringExercisesTest" time="0.001">
    <system-out><![CDATA[javascript and tpircsavaj
The input word is not a Palindrome
]]></system-out>
  </testcase>
  <testcase name="isPalindrome(String, Boolean)[9]" classname="com.cbfacademy.StringExercisesTest" time="0.002">
    <system-out><![CDATA[java and avaj
The input word is not a Palindrome
]]></system-out>
  </testcase>
  <testcase name="isPalindrome(String, Boolean)[10]" classname="com.cbfacademy.StringExercisesTest" time="0.001">
    <system-out><![CDATA[street and teerts
The input word is not a Palindrome
]]></system-out>
  </testcase>
  <testcase name="isPalindrome(String, Boolean)[11]" classname="com.cbfacademy.StringExercisesTest" time="0.002">
    <system-out><![CDATA[apple and elppa
The input word is not a Palindrome
]]></system-out>
  </testcase>
  <testcase name="isPalindrome(String, Boolean)[12]" classname="com.cbfacademy.StringExercisesTest" time="0.001">
    <system-out><![CDATA[python and nohtyp
The input word is not a Palindrome
]]></system-out>
  </testcase>
  <testcase name="isPalindrome(String, Boolean)[13]" classname="com.cbfacademy.StringExercisesTest" time="0.001">
    <system-out><![CDATA[midnight and thgindim
The input word is not a Palindrome
]]></system-out>
  </testcase>
  <testcase name="stringsFromCharacters(char[], String)[1]" classname="com.cbfacademy.StringExercisesTest" time="0.003">
    <system-out><![CDATA[h
e
l
l
o
]]></system-out>
  </testcase>
  <testcase name="stringsFromCharacters(char[], String)[2]" classname="com.cbfacademy.StringExercisesTest" time="0.001">
    <system-out><![CDATA[w
o
r
l
d
]]></system-out>
  </testcase>
  <testcase name="stringsFromCharacters(char[], String)[3]" classname="com.cbfacademy.StringExercisesTest" time="0.003">
    <system-out><![CDATA[C
B
F
]]></system-out>
  </testcase>
  <testcase name="stringsFromCharacters(char[], String)[4]" classname="com.cbfacademy.StringExercisesTest" time="0.001">
    <system-out><![CDATA[a
c
a
d
e
m
y
]]></system-out>
  </testcase>
  <testcase name="stringsFromCharacters(char[], String)[5]" classname="com.cbfacademy.StringExercisesTest" time="0.001">
    <system-out><![CDATA[i
n
t
r
o
-
t
o
-
j
a
v
a
]]></system-out>
  </testcase>
  <testcase name="howMany(String, Character, Long)[1]" classname="com.cbfacademy.StringExercisesTest" time="0.009">
    <system-out><![CDATA[String length is : 308
character[142] = g
character[225] = g
character[226] = g
character[229] = g
character[252] = g
Total number of character that match entry(g) = ]]></system-out>
  </testcase>
  <testcase name="howMany(String, Character, Long)[2]" classname="com.cbfacademy.StringExercisesTest" time="0.001">
    <system-out><![CDATA[String length is : 272
character[29] = e
character[61] = e
character[63] = e
character[66] = e
character[85] = e
character[105] = e
character[110] = e
character[123] = e
character[126] = e
character[142] = e
character[151] = e
character[157] = e
character[200] = e
character[203] = e
character[209] = e
character[237] = e
character[242] = e
character[264] = e
Total number of character that match entry(e) = ]]></system-out>
  </testcase>
</testsuite>