<?xml version="1.0" encoding="UTF-8"?>
<testsuite xmlns:xsi="http://www.w3.org/2001/XMLSchema-instance" xsi:noNamespaceSchemaLocation="https://maven.apache.org/surefire/maven-surefire-plugin/xsd/surefire-test-report-3.0.xsd" version="3.0" name="com.cbfacademy.FlowControlExercisesTest" time="0.14" tests="14" errors="0" skipped="0" failures="0">
  <properties>
    <property name="java.specification.version" value="20"/>
    <property name="sun.cpu.isalist" value="amd64"/>
    <property name="sun.jnu.encoding" value="Cp1252"/>
    <property name="java.class.path" value="C:\Users\Paul\CBFAcademy\java-exercises-NonyeP\exercises\flow-control\target\test-classes;C:\Users\Paul\CBFAcademy\java-exercises-NonyeP\exercises\flow-control\target\classes;C:\Users\Paul\.m2\repository\org\junit\jupiter\junit-jupiter-api\5.9.0\junit-jupiter-api-5.9.0.jar;C:\Users\Paul\.m2\repository\org\opentest4j\opentest4j\1.2.0\opentest4j-1.2.0.jar;C:\Users\Paul\.m2\repository\org\junit\platform\junit-platform-commons\1.9.0\junit-platform-commons-1.9.0.jar;C:\Users\Paul\.m2\repository\org\apiguardian\apiguardian-api\1.1.2\apiguardian-api-1.1.2.jar;C:\Users\Paul\.m2\repository\org\junit\jupiter\junit-jupiter-engine\5.9.0\junit-jupiter-engine-5.9.0.jar;C:\Users\Paul\.m2\repository\org\junit\platform\junit-platform-engine\1.9.0\junit-platform-engine-1.9.0.jar;C:\Users\Paul\.m2\repository\org\junit\jupiter\junit-jupiter-params\5.9.0\junit-jupiter-params-5.9.0.jar;C:\Users\Paul\.m2\repository\org\hamcrest\hamcrest-all\1.3\hamcrest-all-1.3.jar;"/>
    <property name="java.vm.vendor" value="Oracle Corporation"/>
    <property name="sun.arch.data.model" value="64"/>
    <property name="user.variant" value=""/>
    <property name="java.vendor.url" value="https://java.oracle.com/"/>
    <property name="user.timezone" value="Europe/London"/>
    <property name="os.name" value="Windows 11"/>
    <property name="java.vm.specification.version" value="20"/>
    <property name="sun.java.launcher" value="SUN_STANDARD"/>
    <property name="user.country" value="GB"/>
    <property name="sun.boot.library.path" value="C:\Program Files\Java\jdk-20\bin"/>
    <property name="sun.java.command" value="C:\Users\Paul\AppData\Local\Temp\surefire7657889387232022709\surefirebooter-20230726172142771_3.jar C:\Users\Paul\AppData\Local\Temp\surefire7657889387232022709 2023-07-26T17-21-42_531-jvmRun1 surefire-20230726172142771_1tmp surefire_0-20230726172142771_2tmp"/>
    <property name="jdk.debug" value="release"/>
    <property name="surefire.test.class.path" value="C:\Users\Paul\CBFAcademy\java-exercises-NonyeP\exercises\flow-control\target\test-classes;C:\Users\Paul\CBFAcademy\java-exercises-NonyeP\exercises\flow-control\target\classes;C:\Users\Paul\.m2\repository\org\junit\jupiter\junit-jupiter-api\5.9.0\junit-jupiter-api-5.9.0.jar;C:\Users\Paul\.m2\repository\org\opentest4j\opentest4j\1.2.0\opentest4j-1.2.0.jar;C:\Users\Paul\.m2\repository\org\junit\platform\junit-platform-commons\1.9.0\junit-platform-commons-1.9.0.jar;C:\Users\Paul\.m2\repository\org\apiguardian\apiguardian-api\1.1.2\apiguardian-api-1.1.2.jar;C:\Users\Paul\.m2\repository\org\junit\jupiter\junit-jupiter-engine\5.9.0\junit-jupiter-engine-5.9.0.jar;C:\Users\Paul\.m2\repository\org\junit\platform\junit-platform-engine\1.9.0\junit-platform-engine-1.9.0.jar;C:\Users\Paul\.m2\repository\org\junit\jupiter\junit-jupiter-params\5.9.0\junit-jupiter-params-5.9.0.jar;C:\Users\Paul\.m2\repository\org\hamcrest\hamcrest-all\1.3\hamcrest-all-1.3.jar;"/>
    <property name="sun.cpu.endian" value="little"/>
    <property name="user.home" value="C:\Users\Paul"/>
    <property name="user.language" value="en"/>
    <property name="java.specification.vendor" value="Oracle Corporation"/>
    <property name="java.version.date" value="2023-07-18"/>
    <property name="java.home" value="C:\Program Files\Java\jdk-20"/>
    <property name="file.separator" value="\"/>
    <property name="basedir" value="C:\Users\Paul\CBFAcademy\java-exercises-NonyeP\exercises\flow-control"/>
    <property name="java.vm.compressedOopsMode" value="Zero based"/>
    <property name="line.separator" value="&#10;"/>
    <property name="java.vm.specification.vendor" value="Oracle Corporation"/>
    <property name="java.specification.name" value="Java Platform API Specification"/>
    <property name="surefire.real.class.path" value="C:\Users\Paul\AppData\Local\Temp\surefire7657889387232022709\surefirebooter-20230726172142771_3.jar"/>
    <property name="user.script" value=""/>
    <property name="sun.management.compiler" value="HotSpot 64-Bit Tiered Compilers"/>
    <property name="java.runtime.version" value="20.0.2+9-78"/>
    <property name="user.name" value="Paul"/>
    <property name="stdout.encoding" value="Cp1252"/>
    <property name="path.separator" value=";"/>
    <property name="os.version" value="10.0"/>
    <property name="java.runtime.name" value="Java(TM) SE Runtime Environment"/>
    <property name="file.encoding" value="UTF-8"/>
    <property name="java.vm.name" value="Java HotSpot(TM) 64-Bit Server VM"/>
    <property name="localRepository" value="C:\Users\Paul\.m2\repository"/>
    <property name="java.vendor.url.bug" value="https://bugreport.java.com/bugreport/"/>
    <property name="java.io.tmpdir" value="C:\Users\Paul\AppData\Local\Temp\"/>
    <property name="java.version" value="20.0.2"/>
    <property name="user.dir" value="C:\Users\Paul\CBFAcademy\java-exercises-NonyeP\exercises\flow-control"/>
    <property name="os.arch" value="amd64"/>
    <property name="java.vm.specification.name" value="Java Virtual Machine Specification"/>
    <property name="sun.os.patch.level" value=""/>
    <property name="native.encoding" value="Cp1252"/>
    <property name="java.library.path" value="C:\Program Files\Java\jdk-20\bin;C:\WINDOWS\Sun\Java\bin;C:\WINDOWS\system32;C:\WINDOWS;C:\Users\Paul\bin;C:\Program Files\Git\mingw64\bin;C:\Program Files\Git\usr\local\bin;C:\Program Files\Git\usr\bin;C:\Program Files\Git\usr\bin;C:\Program Files\Git\mingw64\bin;C:\Program Files\Git\usr\bin;C:\Users\Paul\bin;C:\Program Files\Common Files\Oracle\Java\javapath;C:\Python311\Scripts;C:\Python311;C:\Windows\system32;C:\Windows;C:\Windows\System32\Wbem;C:\Windows\System32\WindowsPowerShell\v1.0;C:\Windows\System32\OpenSSH;C:\Program Files (x86)\NVIDIA Corporation\PhysX\Common;C:\Program Files\NVIDIA Corporation\NVIDIA NGX;C:\Program Files\NVIDIA Corporation\NVIDIA NvDLISR;C:\WINDOWS\system32;C:\WINDOWS;C:\WINDOWS\System32\Wbem;C:\WINDOWS\System32\WindowsPowerShell\v1.0;C:\WINDOWS\System32\OpenSSH;C:\Program Files (x86)\Microsoft SQL Server\140\Tools\Binn;C:\Program Files\Microsoft SQL Server\140\Tools\Binn;C:\Program Files\Microsoft SQL Server\Client SDK\ODBC\130\Tools\Binn;C:\Program Files\Microsoft SQL Server\140\DTS\Binn;C:\Program Files (x86)\Microsoft SQL Server\Client SDK\ODBC\130\Tools\Binn;C:\Program Files (x86)\Microsoft SQL Server\140\DTS\Binn;C:\Program Files (x86)\Microsoft SQL Server\140\Tools\Binn\ManagementStudio;C:\Program Files\PuTTY;C:\Program Files\dotnet;C:\ProgramData\chocolatey\bin;C:\Program Files\nodejs;C:\Users\Paul\Downloads\jdk-11.0.19_windows-x64_bin.exe;C:\Program Files\Git\cmd;C:\Users\Paul\AppData\Local\Microsoft\WindowsApps;C:\Users\Paul\AppData\Roaming\npm;C:\Users\Paul\AppData\Local\Programs\Microsoft VS Code\bin;C:\Program Files\Git\usr\bin\vendor_perl;C:\Program Files\Git\usr\bin\core_perl;."/>
    <property name="java.vm.info" value="mixed mode, sharing"/>
    <property name="stderr.encoding" value="Cp1252"/>
    <property name="java.vendor" value="Oracle Corporation"/>
    <property name="java.vm.version" value="20.0.2+9-78"/>
    <property name="sun.io.unicode.encoding" value="UnicodeLittle"/>
    <property name="java.class.version" value="64.0"/>
  </properties>
  <testcase name="returnUnitName" classname="com.cbfacademy.FlowControlExercisesTest" time="0.034"/>
  <testcase name="months(Integer, String)[1]" classname="com.cbfacademy.FlowControlExercisesTest" time="0.022">
    <system-out><![CDATA[please input numbers between 1 and 12
Invalid month number
]]></system-out>
  </testcase>
  <testcase name="months(Integer, String)[2]" classname="com.cbfacademy.FlowControlExercisesTest" time="0.001">
    <system-out><![CDATA[please input numbers between 1 and 12
Invalid month number
]]></system-out>
  </testcase>
  <testcase name="months(Integer, String)[3]" classname="com.cbfacademy.FlowControlExercisesTest" time="0.001">
    <system-out><![CDATA[April
]]></system-out>
  </testcase>
  <testcase name="months(Integer, String)[4]" classname="com.cbfacademy.FlowControlExercisesTest" time="0.001">
    <system-out><![CDATA[January
]]></system-out>
  </testcase>
  <testcase name="oddAndEvenNumbers" classname="com.cbfacademy.FlowControlExercisesTest" time="0.005">
    <system-out><![CDATA[[1, 3, 5, 7, 9, 11, 13, 15, 17, 19, 21, 23, 25, 27, 29, 31, 33, 35, 37, 39, 41, 43, 45, 47, 49, 51, 53, 55, 57, 59, 61, 63, 65, 67, 69, 71, 73, 75, 77, 79, 81, 83, 85, 87, 89, 91, 93, 95, 97, 99]
2500
[2, 4, 6, 8, 10, 12, 14, 16, 18, 20, 22, 24, 26, 28, 30, 32, 34, 36, 38, 40, 42, 44, 46, 48, 50, 52, 54, 56, 58, 60, 62, 64, 66, 68, 70, 72, 74, 76, 78, 80, 82, 84, 86, 88, 90, 92, 94, 96, 98, 100]
2550
{"SumOfEvens", 2550} 
{"SumOfOdds", 2500} 
]]></system-out>
  </testcase>
  <testcase name="fizzBuzz(List, List)[1]" classname="com.cbfacademy.FlowControlExercisesTest" time="0.003">
    <system-out><![CDATA[[1, 2, 4, 7, 8, 11, 13, 17]
]]></system-out>
  </testcase>
  <testcase name="fizzBuzz(List, List)[2]" classname="com.cbfacademy.FlowControlExercisesTest" time="0.001">
    <system-out><![CDATA[[1, 2, Fizz, Buzz, Fizz, FizzBuzz, Fizz, FizzBuzz, Buzz]
]]></system-out>
  </testcase>
  <testcase name="fizzBuzz(List, List)[3]" classname="com.cbfacademy.FlowControlExercisesTest" time="0.001">
    <system-out><![CDATA[[Fizz, Buzz, FizzBuzz, Fizz, Buzz, FizzBuzz]
]]></system-out>
  </testcase>
  <testcase name="fizzBuzz(List, List)[4]" classname="com.cbfacademy.FlowControlExercisesTest" time="0.001">
    <system-out><![CDATA[[Fizz, Fizz, 91, 187, Fizz, 2023]
]]></system-out>
  </testcase>
  <testcase name="reverseOrder(ArrayList, List)[1]" classname="com.cbfacademy.FlowControlExercisesTest" time="0.003">
    <system-out><![CDATA[anotherList = [1, 2, 4, 7, 8, 11, 13, 17]
newList = [17, 13, 11, 8, 7, 4, 2, 1]
]]></system-out>
  </testcase>
  <testcase name="reverseOrder(ArrayList, List)[2]" classname="com.cbfacademy.FlowControlExercisesTest" time="0.001">
    <system-out><![CDATA[anotherList = [1, 2, 3, 5, 9, 15, 21, 30, 35]
newList = [35, 30, 21, 15, 9, 5, 3, 2, 1]
]]></system-out>
  </testcase>
  <testcase name="reverseOrder(ArrayList, List)[3]" classname="com.cbfacademy.FlowControlExercisesTest" time="0.001">
    <system-out><![CDATA[anotherList = [123, -5, 0, 1890, 20, 30]
newList = [30, 20, 1890, 0, -5, 123]
]]></system-out>
  </testcase>
  <testcase name="reverseOrder(ArrayList, List)[4]" classname="com.cbfacademy.FlowControlExercisesTest" time="0.001">
    <system-out><![CDATA[anotherList = [213, 54, 91, 187, 2001, 2023]
newList = [2023, 2001, 187, 91, 54, 213]
]]></system-out>
  </testcase>
</testsuite>